This is pdfTeX, Version 3.141592653-2.6-1.40.22 (TeX Live 2022/dev/Debian) (preloaded format=pdflatex 2024.8.5)  19 MAR 2025 20:54
entering extended mode
 restricted \write18 enabled.
 %&-line parsing enabled.
**report.tex
(./report.tex
LaTeX2e <2021-11-15> patch level 1
L3 programming layer <2022-01-21>
(/usr/share/texlive/texmf-dist/tex/latex/base/article.cls
Document Class: article 2021/10/04 v1.4n Standard LaTeX document class
(/usr/share/texlive/texmf-dist/tex/latex/base/size12.clo
File: size12.clo 2021/10/04 v1.4n Standard LaTeX file (size option)
)
\c@part=\count185
\c@section=\count186
\c@subsection=\count187
\c@subsubsection=\count188
\c@paragraph=\count189
\c@subparagraph=\count190
\c@figure=\count191
\c@table=\count192
\abovecaptionskip=\skip47
\belowcaptionskip=\skip48
\bibindent=\dimen138
)
(/usr/share/texlive/texmf-dist/tex/latex/graphics/graphicx.sty
Package: graphicx 2021/09/16 v1.2d Enhanced LaTeX Graphics (DPC,SPQR)

(/usr/share/texlive/texmf-dist/tex/latex/graphics/keyval.sty
Package: keyval 2014/10/28 v1.15 key=value parser (DPC)
\KV@toks@=\toks16
)
(/usr/share/texlive/texmf-dist/tex/latex/graphics/graphics.sty
Package: graphics 2021/03/04 v1.4d Standard LaTeX Graphics (DPC,SPQR)

(/usr/share/texlive/texmf-dist/tex/latex/graphics/trig.sty
Package: trig 2021/08/11 v1.11 sin cos tan (DPC)
)
(/usr/share/texlive/texmf-dist/tex/latex/graphics-cfg/graphics.cfg
File: graphics.cfg 2016/06/04 v1.11 sample graphics configuration
)
Package graphics Info: Driver file: pdftex.def on input line 107.

(/usr/share/texlive/texmf-dist/tex/latex/graphics-def/pdftex.def
File: pdftex.def 2020/10/05 v1.2a Graphics/color driver for pdftex
))
\Gin@req@height=\dimen139
\Gin@req@width=\dimen140
)
(/usr/share/texlive/texmf-dist/tex/latex/amsmath/amsmath.sty
Package: amsmath 2021/10/15 v2.17l AMS math features
\@mathmargin=\skip49

For additional information on amsmath, use the `?' option.
(/usr/share/texlive/texmf-dist/tex/latex/amsmath/amstext.sty
Package: amstext 2021/08/26 v2.01 AMS text

(/usr/share/texlive/texmf-dist/tex/latex/amsmath/amsgen.sty
File: amsgen.sty 1999/11/30 v2.0 generic functions
\@emptytoks=\toks17
\ex@=\dimen141
))
(/usr/share/texlive/texmf-dist/tex/latex/amsmath/amsbsy.sty
Package: amsbsy 1999/11/29 v1.2d Bold Symbols
\pmbraise@=\dimen142
)
(/usr/share/texlive/texmf-dist/tex/latex/amsmath/amsopn.sty
Package: amsopn 2021/08/26 v2.02 operator names
)
\inf@bad=\count193
LaTeX Info: Redefining \frac on input line 234.
\uproot@=\count194
\leftroot@=\count195
LaTeX Info: Redefining \overline on input line 399.
\classnum@=\count196
\DOTSCASE@=\count197
LaTeX Info: Redefining \ldots on input line 496.
LaTeX Info: Redefining \dots on input line 499.
LaTeX Info: Redefining \cdots on input line 620.
\Mathstrutbox@=\box50
\strutbox@=\box51
\big@size=\dimen143
LaTeX Font Info:    Redeclaring font encoding OML on input line 743.
LaTeX Font Info:    Redeclaring font encoding OMS on input line 744.
\macc@depth=\count198
\c@MaxMatrixCols=\count199
\dotsspace@=\muskip16
\c@parentequation=\count266
\dspbrk@lvl=\count267
\tag@help=\toks18
\row@=\count268
\column@=\count269
\maxfields@=\count270
\andhelp@=\toks19
\eqnshift@=\dimen144
\alignsep@=\dimen145
\tagshift@=\dimen146
\tagwidth@=\dimen147
\totwidth@=\dimen148
\lineht@=\dimen149
\@envbody=\toks20
\multlinegap=\skip50
\multlinetaggap=\skip51
\mathdisplay@stack=\toks21
LaTeX Info: Redefining \[ on input line 2938.
LaTeX Info: Redefining \] on input line 2939.
)
(/usr/share/texlive/texmf-dist/tex/latex/amsfonts/amssymb.sty
Package: amssymb 2013/01/14 v3.01 AMS font symbols

(/usr/share/texlive/texmf-dist/tex/latex/amsfonts/amsfonts.sty
Package: amsfonts 2013/01/14 v3.01 Basic AMSFonts support
\symAMSa=\mathgroup4
\symAMSb=\mathgroup5
LaTeX Font Info:    Redeclaring math symbol \hbar on input line 98.
LaTeX Font Info:    Overwriting math alphabet `\mathfrak' in version `bold'
(Font)                  U/euf/m/n --> U/euf/b/n on input line 106.
))
(/usr/share/texlive/texmf-dist/tex/latex/siunitx/siunitx.sty
Package: siunitx 2022-02-02 v3.0.46 A comprehensive (SI) units package
\l__siunitx_angle_tmp_dim=\dimen150
\l__siunitx_angle_marker_box=\box52
\l__siunitx_angle_unit_box=\box53
\l__siunitx_compound_count_int=\count271

(/usr/share/texlive/texmf-dist/tex/latex/translations/translations.sty
Package: translations 2022/01/04 v1.11 internationalization of LaTeX2e packages
 (CN)

(/usr/share/texlive/texmf-dist/tex/latex/etoolbox/etoolbox.sty
Package: etoolbox 2020/10/05 v2.5k e-TeX tools for LaTeX (JAW)
\etb@tempcnta=\count272
)
(/usr/share/texlive/texmf-dist/tex/generic/pdftexcmds/pdftexcmds.sty
Package: pdftexcmds 2020-06-27 v0.33 Utility functions of pdfTeX for LuaTeX (HO
)

(/usr/share/texlive/texmf-dist/tex/generic/infwarerr/infwarerr.sty
Package: infwarerr 2019/12/03 v1.5 Providing info/warning/error messages (HO)
)
(/usr/share/texlive/texmf-dist/tex/generic/iftex/iftex.sty
Package: iftex 2020/03/06 v1.0d TeX engine tests
)
(/usr/share/texlive/texmf-dist/tex/generic/ltxcmds/ltxcmds.sty
Package: ltxcmds 2020-05-10 v1.25 LaTeX kernel commands for general use (HO)
)
Package pdftexcmds Info: \pdf@primitive is available.
Package pdftexcmds Info: \pdf@ifprimitive is available.
Package pdftexcmds Info: \pdfdraftmode found.
))
\l__siunitx_number_exponent_fixed_int=\count273
\l__siunitx_number_min_decimal_int=\count274
\l__siunitx_number_min_integer_int=\count275
\l__siunitx_number_round_precision_int=\count276
\l__siunitx_number_group_minimum_int=\count277
\l__siunitx_table_tmp_box=\box54
\l__siunitx_table_tmp_dim=\dimen151
\l__siunitx_table_column_width_dim=\dimen152
\l__siunitx_table_integer_box=\box55
\l__siunitx_table_decimal_box=\box56
\l__siunitx_table_before_box=\box57
\l__siunitx_table_after_box=\box58
\l__siunitx_table_before_dim=\dimen153
\l__siunitx_table_carry_dim=\dimen154
\l__siunitx_unit_tmp_int=\count278
\l__siunitx_unit_position_int=\count279
\l__siunitx_unit_total_int=\count280

(/usr/share/texlive/texmf-dist/tex/latex/l3packages/l3keys2e/l3keys2e.sty
(/usr/share/texlive/texmf-dist/tex/latex/l3kernel/expl3.sty
Package: expl3 2022-01-21 L3 programming layer (loader) 

(/usr/share/texlive/texmf-dist/tex/latex/l3backend/l3backend-pdftex.def
File: l3backend-pdftex.def 2022-01-12 L3 backend support: PDF output (pdfTeX)
\l__color_backend_stack_int=\count281
\l__pdf_internal_box=\box59
))
Package: l3keys2e 2022-01-12 LaTeX2e option processing using LaTeX3 keys
)
(/usr/share/texlive/texmf-dist/tex/latex/tools/array.sty
Package: array 2021/10/04 v2.5f Tabular extension package (FMi)
\col@sep=\dimen155
\ar@mcellbox=\box60
\extrarowheight=\dimen156
\NC@list=\toks22
\extratabsurround=\skip52
\backup@length=\skip53
\ar@cellbox=\box61
))
(/usr/share/texlive/texmf-dist/tex/latex/float/float.sty
Package: float 2001/11/08 v1.3d Float enhancements (AL)
\c@float@type=\count282
\float@exts=\toks23
\float@box=\box62
\@float@everytoks=\toks24
\@floatcapt=\box63
)
(/usr/share/texlive/texmf-dist/tex/latex/caption/caption.sty
Package: caption 2020/10/26 v3.5g Customizing captions (AR)

(/usr/share/texlive/texmf-dist/tex/latex/caption/caption3.sty
Package: caption3 2020/10/21 v2.2e caption3 kernel (AR)
\captionmargin=\dimen157
\captionmargin@=\dimen158
\captionwidth=\dimen159
\caption@tempdima=\dimen160
\caption@indent=\dimen161
\caption@parindent=\dimen162
\caption@hangindent=\dimen163
Package caption Info: Standard document class detected.
)
\c@caption@flags=\count283
\c@continuedfloat=\count284
Package caption Info: float package is loaded.
)
(/usr/share/texlive/texmf-dist/tex/latex/subfigure/subfigure.sty
Package: subfigure 2002/03/15 v2.1.5 subfigure package
\subfigtopskip=\skip54
\subfigcapskip=\skip55
\subfigcaptopadj=\dimen164
\subfigbottomskip=\skip56
\subfigcapmargin=\dimen165
\subfiglabelskip=\skip57
\c@subfigure=\count285
\c@lofdepth=\count286
\c@subtable=\count287
\c@lotdepth=\count288

****************************************
* Local config file subfigure.cfg used *
****************************************
(/usr/share/texlive/texmf-dist/tex/latex/subfigure/subfigure.cfg)
\subfig@top=\skip58
\subfig@bottom=\skip59
)
Package translations Info: No language package found. I am going to use `englis
h' as default language. on input line 14.

(./report.aux)
\openout1 = `report.aux'.

LaTeX Font Info:    Checking defaults for OML/cmm/m/it on input line 14.
LaTeX Font Info:    ... okay on input line 14.
LaTeX Font Info:    Checking defaults for OMS/cmsy/m/n on input line 14.
LaTeX Font Info:    ... okay on input line 14.
LaTeX Font Info:    Checking defaults for OT1/cmr/m/n on input line 14.
LaTeX Font Info:    ... okay on input line 14.
LaTeX Font Info:    Checking defaults for T1/cmr/m/n on input line 14.
LaTeX Font Info:    ... okay on input line 14.
LaTeX Font Info:    Checking defaults for TS1/cmr/m/n on input line 14.
LaTeX Font Info:    ... okay on input line 14.
LaTeX Font Info:    Checking defaults for OMX/cmex/m/n on input line 14.
LaTeX Font Info:    ... okay on input line 14.
LaTeX Font Info:    Checking defaults for U/cmr/m/n on input line 14.
LaTeX Font Info:    ... okay on input line 14.

(/usr/share/texlive/texmf-dist/tex/context/base/mkii/supp-pdf.mkii
[Loading MPS to PDF converter (version 2006.09.02).]
\scratchcounter=\count289
\scratchdimen=\dimen166
\scratchbox=\box64
\nofMPsegments=\count290
\nofMParguments=\count291
\everyMPshowfont=\toks25
\MPscratchCnt=\count292
\MPscratchDim=\dimen167
\MPnumerator=\count293
\makeMPintoPDFobject=\count294
\everyMPtoPDFconversion=\toks26
) (/usr/share/texlive/texmf-dist/tex/latex/epstopdf-pkg/epstopdf-base.sty
Package: epstopdf-base 2020-01-24 v2.11 Base part for package epstopdf
Package epstopdf-base Info: Redefining graphics rule for `.eps' on input line 4
85.

(/usr/share/texlive/texmf-dist/tex/latex/latexconfig/epstopdf-sys.cfg
File: epstopdf-sys.cfg 2010/07/13 v1.3 Configuration of (r)epstopdf for TeX Liv
e
))
(/usr/share/texlive/texmf-dist/tex/latex/graphics/color.sty
Package: color 2021/12/07 v1.3c Standard LaTeX Color (DPC)

(/usr/share/texlive/texmf-dist/tex/latex/graphics-cfg/color.cfg
File: color.cfg 2016/01/02 v1.6 sample color configuration
)
Package color Info: Driver file: pdftex.def on input line 149.
)
(/usr/share/texlive/texmf-dist/tex/latex/translations/translations-basic-dictio
nary-english.trsl
File: translations-basic-dictionary-english.trsl (english translation file `tra
nslations-basic-dictionary')
)
Package translations Info: loading dictionary `translations-basic-dictionary' f
or `english'. on input line 14.
Package caption Info: Begin \AtBeginDocument code.
Package caption Info: subfigure package is loaded.
Package caption Info: End \AtBeginDocument code.
LaTeX Font Info:    Trying to load font information for U+msa on input line 16.

 (/usr/share/texlive/texmf-dist/tex/latex/amsfonts/umsa.fd
File: umsa.fd 2013/01/14 v3.01 AMS symbols A
)
LaTeX Font Info:    Trying to load font information for U+msb on input line 16.


(/usr/share/texlive/texmf-dist/tex/latex/amsfonts/umsb.fd
File: umsb.fd 2013/01/14 v3.01 AMS symbols B
) [1

{/var/lib/texmf/fonts/map/pdftex/updmap/pdftex.map}]
<figs/highpass.png, id=13, 311.1625pt x 155.58125pt>
File: figs/highpass.png Graphic file (type png)
<use figs/highpass.png>
Package pdftex.def Info: figs/highpass.png  used on input line 54.
(pdftex.def)             Requested size: 175.49881pt x 87.74925pt.
<figs/hpf_circuit.jpeg, id=15, 1606.0pt x 1208.515pt>
File: figs/hpf_circuit.jpeg Graphic file (type jpg)
<use figs/hpf_circuit.jpeg>
Package pdftex.def Info: figs/hpf_circuit.jpeg  used on input line 58.
(pdftex.def)             Requested size: 175.49881pt x 132.05191pt.
 [2 <./figs/highpass.png> <./figs/hpf_circuit.jpeg>]
<figs/hpf_less_cutoff_4.jpeg, id=22, 1604.99625pt x 902.37125pt>
File: figs/hpf_less_cutoff_4.jpeg Graphic file (type jpg)
<use figs/hpf_less_cutoff_4.jpeg>
Package pdftex.def Info: figs/hpf_less_cutoff_4.jpeg  used on input line 85.
(pdftex.def)             Requested size: 175.49881pt x 98.66907pt.
<figs/hpf_input_less_cutoff_4.jpeg, id=23, 1604.99625pt x 902.37125pt>
File: figs/hpf_input_less_cutoff_4.jpeg Graphic file (type jpg)
<use figs/hpf_input_less_cutoff_4.jpeg>
Package pdftex.def Info: figs/hpf_input_less_cutoff_4.jpeg  used on input line 
89.
(pdftex.def)             Requested size: 175.49881pt x 98.66907pt.
<figs/hpf_less_cutoff_3.jpeg, id=24, 1604.99625pt x 902.37125pt>
File: figs/hpf_less_cutoff_3.jpeg Graphic file (type jpg)
<use figs/hpf_less_cutoff_3.jpeg>
Package pdftex.def Info: figs/hpf_less_cutoff_3.jpeg  used on input line 95.
(pdftex.def)             Requested size: 175.49881pt x 98.66907pt.
<figs/hpf_input_less_cutoff_3.jpeg, id=25, 1604.99625pt x 902.37125pt>
File: figs/hpf_input_less_cutoff_3.jpeg Graphic file (type jpg)
<use figs/hpf_input_less_cutoff_3.jpeg>
Package pdftex.def Info: figs/hpf_input_less_cutoff_3.jpeg  used on input line 
99.
(pdftex.def)             Requested size: 175.49881pt x 98.66907pt.
<figs/hpf_less_cutoff_1.jpeg, id=26, 1604.99625pt x 902.37125pt>
File: figs/hpf_less_cutoff_1.jpeg Graphic file (type jpg)
<use figs/hpf_less_cutoff_1.jpeg>
Package pdftex.def Info: figs/hpf_less_cutoff_1.jpeg  used on input line 105.
(pdftex.def)             Requested size: 175.49881pt x 98.66907pt.
<figs/hpf_input_less_cutoff_1.jpeg, id=27, 1604.99625pt x 902.37125pt>
File: figs/hpf_input_less_cutoff_1.jpeg Graphic file (type jpg)
<use figs/hpf_input_less_cutoff_1.jpeg>
Package pdftex.def Info: figs/hpf_input_less_cutoff_1.jpeg  used on input line 
109.
(pdftex.def)             Requested size: 175.49881pt x 98.66907pt.
<figs/hpf_less_cutoff_2.jpeg, id=28, 1604.99625pt x 902.37125pt>
File: figs/hpf_less_cutoff_2.jpeg Graphic file (type jpg)
<use figs/hpf_less_cutoff_2.jpeg>
Package pdftex.def Info: figs/hpf_less_cutoff_2.jpeg  used on input line 115.
(pdftex.def)             Requested size: 175.49881pt x 98.66907pt.
<figs/hpf_input_less_cutoff_2.jpeg, id=29, 1604.99625pt x 902.37125pt>
File: figs/hpf_input_less_cutoff_2.jpeg Graphic file (type jpg)
<use figs/hpf_input_less_cutoff_2.jpeg>
Package pdftex.def Info: figs/hpf_input_less_cutoff_2.jpeg  used on input line 
119.
(pdftex.def)             Requested size: 175.49881pt x 98.66907pt.
 [3 <./figs/hpf_less_cutoff_4.jpeg> <./figs/hpf_input_less_cutoff_4.jpeg> <./fi
gs/hpf_less_cutoff_3.jpeg> <./figs/hpf_input_less_cutoff_3.jpeg>]
<figs/hpf_cutoff.jpeg, id=33, 1604.99625pt x 902.37125pt>
File: figs/hpf_cutoff.jpeg Graphic file (type jpg)
<use figs/hpf_cutoff.jpeg>
Package pdftex.def Info: figs/hpf_cutoff.jpeg  used on input line 125.
(pdftex.def)             Requested size: 175.49881pt x 98.66907pt.
<figs/hpf_input_cutoff.jpeg, id=34, 1604.99625pt x 902.37125pt>
File: figs/hpf_input_cutoff.jpeg Graphic file (type jpg)
<use figs/hpf_input_cutoff.jpeg>
Package pdftex.def Info: figs/hpf_input_cutoff.jpeg  used on input line 129.
(pdftex.def)             Requested size: 175.49881pt x 98.66907pt.
<figs/hpf_more_cutoff_1.jpeg, id=35, 1604.99625pt x 902.37125pt>
File: figs/hpf_more_cutoff_1.jpeg Graphic file (type jpg)
<use figs/hpf_more_cutoff_1.jpeg>
Package pdftex.def Info: figs/hpf_more_cutoff_1.jpeg  used on input line 135.
(pdftex.def)             Requested size: 175.49881pt x 98.66907pt.
<figs/hpf_input_more_cutoff_1.jpeg, id=36, 1604.99625pt x 902.37125pt>
File: figs/hpf_input_more_cutoff_1.jpeg Graphic file (type jpg)
<use figs/hpf_input_more_cutoff_1.jpeg>
Package pdftex.def Info: figs/hpf_input_more_cutoff_1.jpeg  used on input line 
139.
(pdftex.def)             Requested size: 175.49881pt x 98.66907pt.
<figs/hpf_more_cutoff_2.jpeg, id=37, 1604.99625pt x 902.37125pt>
File: figs/hpf_more_cutoff_2.jpeg Graphic file (type jpg)
<use figs/hpf_more_cutoff_2.jpeg>
Package pdftex.def Info: figs/hpf_more_cutoff_2.jpeg  used on input line 145.
(pdftex.def)             Requested size: 175.49881pt x 98.66907pt.
<figs/hpf_input_more_cutoff_2.jpeg, id=38, 1604.99625pt x 902.37125pt>
File: figs/hpf_input_more_cutoff_2.jpeg Graphic file (type jpg)
<use figs/hpf_input_more_cutoff_2.jpeg>
Package pdftex.def Info: figs/hpf_input_more_cutoff_2.jpeg  used on input line 
149.
(pdftex.def)             Requested size: 175.49881pt x 98.66907pt.
<figs/hpf_more_cutoff_3.jpeg, id=39, 1604.99625pt x 902.37125pt>
File: figs/hpf_more_cutoff_3.jpeg Graphic file (type jpg)
<use figs/hpf_more_cutoff_3.jpeg>
Package pdftex.def Info: figs/hpf_more_cutoff_3.jpeg  used on input line 155.
(pdftex.def)             Requested size: 175.49881pt x 98.66907pt.
<figs/hpf_input_more_cutoff_3.jpeg, id=40, 1604.99625pt x 902.37125pt>
File: figs/hpf_input_more_cutoff_3.jpeg Graphic file (type jpg)
<use figs/hpf_input_more_cutoff_3.jpeg>
Package pdftex.def Info: figs/hpf_input_more_cutoff_3.jpeg  used on input line 
159.
(pdftex.def)             Requested size: 175.49881pt x 98.66907pt.

[4 <./figs/hpf_less_cutoff_1.jpeg> <./figs/hpf_input_less_cutoff_1.jpeg> <./fig
s/hpf_less_cutoff_2.jpeg> <./figs/hpf_input_less_cutoff_2.jpeg> <./figs/hpf_cut
off.jpeg> <./figs/hpf_input_cutoff.jpeg> <./figs/hpf_more_cutoff_1.jpeg> <./fig
s/hpf_input_more_cutoff_1.jpeg>]
<figs/high.png, id=44, 578.16pt x 334.6101pt>
File: figs/high.png Graphic file (type png)
<use figs/high.png>
Package pdftex.def Info: figs/high.png  used on input line 163.
(pdftex.def)             Requested size: 390.0pt x 225.7091pt.
 [5 <./figs/hpf_more_cutoff_2.jpeg> <./figs/hpf_input_more_cutoff_2.jpeg> <./fi
gs/hpf_more_cutoff_3.jpeg> <./figs/hpf_input_more_cutoff_3.jpeg> <./figs/high.p
ng>]
<figs/lowpass.png, id=49, 260.975pt x 130.4875pt>
File: figs/lowpass.png Graphic file (type png)
<use figs/lowpass.png>
Package pdftex.def Info: figs/lowpass.png  used on input line 177.
(pdftex.def)             Requested size: 175.49881pt x 87.7507pt.
<figs/lpf_circuit.jpeg, id=50, 902.37125pt x 1604.99625pt>
File: figs/lpf_circuit.jpeg Graphic file (type jpg)
<use figs/lpf_circuit.jpeg>
Package pdftex.def Info: figs/lpf_circuit.jpeg  used on input line 181.
(pdftex.def)             Requested size: 175.49881pt x 312.15259pt.
<figs/lpf_less_cutoff_3.jpeg, id=51, 1604.99625pt x 902.37125pt>
File: figs/lpf_less_cutoff_3.jpeg Graphic file (type jpg)
<use figs/lpf_less_cutoff_3.jpeg>
Package pdftex.def Info: figs/lpf_less_cutoff_3.jpeg  used on input line 206.
(pdftex.def)             Requested size: 175.49881pt x 98.66907pt.
<figs/lpf_input_less_cutoff_3.jpeg, id=52, 1604.99625pt x 902.37125pt>
File: figs/lpf_input_less_cutoff_3.jpeg Graphic file (type jpg)
<use figs/lpf_input_less_cutoff_3.jpeg>
Package pdftex.def Info: figs/lpf_input_less_cutoff_3.jpeg  used on input line 
210.
(pdftex.def)             Requested size: 175.49881pt x 98.66907pt.
 [6 <./figs/lowpass.png> <./figs/lpf_circuit.jpeg>]
<figs/lpf_less_cutoff_2.jpeg, id=57, 1604.99625pt x 902.37125pt>
File: figs/lpf_less_cutoff_2.jpeg Graphic file (type jpg)
<use figs/lpf_less_cutoff_2.jpeg>
Package pdftex.def Info: figs/lpf_less_cutoff_2.jpeg  used on input line 216.
(pdftex.def)             Requested size: 175.49881pt x 98.66907pt.
<figs/lpf_input_less_cutoff_2.jpeg, id=58, 1604.99625pt x 902.37125pt>
File: figs/lpf_input_less_cutoff_2.jpeg Graphic file (type jpg)
<use figs/lpf_input_less_cutoff_2.jpeg>
Package pdftex.def Info: figs/lpf_input_less_cutoff_2.jpeg  used on input line 
220.
(pdftex.def)             Requested size: 175.49881pt x 98.66907pt.
<figs/lpf_less_cutoff_1.jpeg, id=59, 1604.99625pt x 902.37125pt>
File: figs/lpf_less_cutoff_1.jpeg Graphic file (type jpg)
<use figs/lpf_less_cutoff_1.jpeg>
Package pdftex.def Info: figs/lpf_less_cutoff_1.jpeg  used on input line 226.
(pdftex.def)             Requested size: 175.49881pt x 98.66907pt.
<figs/lpf_input_less_cutoff_1.jpeg, id=60, 1604.99625pt x 902.37125pt>
File: figs/lpf_input_less_cutoff_1.jpeg Graphic file (type jpg)
<use figs/lpf_input_less_cutoff_1.jpeg>
Package pdftex.def Info: figs/lpf_input_less_cutoff_1.jpeg  used on input line 
230.
(pdftex.def)             Requested size: 175.49881pt x 98.66907pt.
<figs/lpf_cutoff.jpeg, id=61, 1604.99625pt x 902.37125pt>
File: figs/lpf_cutoff.jpeg Graphic file (type jpg)
<use figs/lpf_cutoff.jpeg>
Package pdftex.def Info: figs/lpf_cutoff.jpeg  used on input line 236.
(pdftex.def)             Requested size: 175.49881pt x 98.66907pt.
<figs/lpf_input_cutoff.jpeg, id=62, 1604.99625pt x 902.37125pt>
File: figs/lpf_input_cutoff.jpeg Graphic file (type jpg)
<use figs/lpf_input_cutoff.jpeg>
Package pdftex.def Info: figs/lpf_input_cutoff.jpeg  used on input line 240.
(pdftex.def)             Requested size: 175.49881pt x 98.66907pt.
 [7 <./figs/lpf_less_cutoff_3.jpeg> <./figs/lpf_input_less_cutoff_3.jpeg> <./fi
gs/lpf_less_cutoff_2.jpeg> <./figs/lpf_input_less_cutoff_2.jpeg>]
<figs/lpf_more_cutoff_1.jpeg, id=67, 1604.99625pt x 902.37125pt>
File: figs/lpf_more_cutoff_1.jpeg Graphic file (type jpg)
<use figs/lpf_more_cutoff_1.jpeg>
Package pdftex.def Info: figs/lpf_more_cutoff_1.jpeg  used on input line 246.
(pdftex.def)             Requested size: 175.49881pt x 98.66907pt.
<figs/lpf_input_more_cutoff_1.jpeg, id=68, 1604.99625pt x 902.37125pt>
File: figs/lpf_input_more_cutoff_1.jpeg Graphic file (type jpg)
<use figs/lpf_input_more_cutoff_1.jpeg>
Package pdftex.def Info: figs/lpf_input_more_cutoff_1.jpeg  used on input line 
250.
(pdftex.def)             Requested size: 175.49881pt x 98.66907pt.
<figs/lpf_more_cutoff_2.jpeg, id=69, 1604.99625pt x 902.37125pt>
File: figs/lpf_more_cutoff_2.jpeg Graphic file (type jpg)
<use figs/lpf_more_cutoff_2.jpeg>
Package pdftex.def Info: figs/lpf_more_cutoff_2.jpeg  used on input line 256.
(pdftex.def)             Requested size: 175.49881pt x 98.66907pt.
<figs/lpf_input_more_cutoff_2.jpeg, id=70, 1604.99625pt x 902.37125pt>
File: figs/lpf_input_more_cutoff_2.jpeg Graphic file (type jpg)
<use figs/lpf_input_more_cutoff_2.jpeg>
Package pdftex.def Info: figs/lpf_input_more_cutoff_2.jpeg  used on input line 
260.
(pdftex.def)             Requested size: 175.49881pt x 98.66907pt.
<figs/lpf_more_cutoff_3.jpeg, id=71, 1604.99625pt x 902.37125pt>
File: figs/lpf_more_cutoff_3.jpeg Graphic file (type jpg)
<use figs/lpf_more_cutoff_3.jpeg>
Package pdftex.def Info: figs/lpf_more_cutoff_3.jpeg  used on input line 266.
(pdftex.def)             Requested size: 175.49881pt x 98.66907pt.
<figs/lpf_input_more_cutoff_3.jpeg, id=72, 1604.99625pt x 902.37125pt>
File: figs/lpf_input_more_cutoff_3.jpeg Graphic file (type jpg)
<use figs/lpf_input_more_cutoff_3.jpeg>
Package pdftex.def Info: figs/lpf_input_more_cutoff_3.jpeg  used on input line 
270.
(pdftex.def)             Requested size: 175.49881pt x 98.66907pt.
<figs/low.png, id=73, 578.16pt x 334.6101pt>
File: figs/low.png Graphic file (type png)
<use figs/low.png>
Package pdftex.def Info: figs/low.png  used on input line 274.
(pdftex.def)             Requested size: 390.0pt x 225.7091pt.

[8 <./figs/lpf_less_cutoff_1.jpeg> <./figs/lpf_input_less_cutoff_1.jpeg> <./fig
s/lpf_cutoff.jpeg> <./figs/lpf_input_cutoff.jpeg> <./figs/lpf_more_cutoff_1.jpe
g> <./figs/lpf_input_more_cutoff_1.jpeg> <./figs/lpf_more_cutoff_2.jpeg> <./fig
s/lpf_input_more_cutoff_2.jpeg>]
<figs/bpf_circuit.jpeg, id=77, 902.37125pt x 1604.99625pt>
File: figs/bpf_circuit.jpeg Graphic file (type jpg)
<use figs/bpf_circuit.jpeg>
Package pdftex.def Info: figs/bpf_circuit.jpeg  used on input line 287.
(pdftex.def)             Requested size: 155.99762pt x 277.44992pt.
 [9 <./figs/lpf_more_cutoff_3.jpeg> <./figs/lpf_input_more_cutoff_3.jpeg> <./fi
gs/low.png>]
<figs/bpf_between_5.jpeg, id=82, 1604.99625pt x 902.37125pt>
File: figs/bpf_between_5.jpeg Graphic file (type jpg)
<use figs/bpf_between_5.jpeg>
Package pdftex.def Info: figs/bpf_between_5.jpeg  used on input line 316.
(pdftex.def)             Requested size: 175.49881pt x 98.66907pt.
<figs/bpf_input_between_5.jpeg, id=83, 1604.99625pt x 902.37125pt>
File: figs/bpf_input_between_5.jpeg Graphic file (type jpg)
<use figs/bpf_input_between_5.jpeg>
Package pdftex.def Info: figs/bpf_input_between_5.jpeg  used on input line 320.

(pdftex.def)             Requested size: 175.49881pt x 98.66907pt.
<figs/bpf_between_4.jpeg, id=84, 1604.99625pt x 902.37125pt>
File: figs/bpf_between_4.jpeg Graphic file (type jpg)
<use figs/bpf_between_4.jpeg>
Package pdftex.def Info: figs/bpf_between_4.jpeg  used on input line 326.
(pdftex.def)             Requested size: 175.49881pt x 98.66907pt.
<figs/bpf_input_between_4.jpeg, id=85, 1604.99625pt x 902.37125pt>
File: figs/bpf_input_between_4.jpeg Graphic file (type jpg)
<use figs/bpf_input_between_4.jpeg>
Package pdftex.def Info: figs/bpf_input_between_4.jpeg  used on input line 330.

(pdftex.def)             Requested size: 175.49881pt x 98.66907pt.
 [10 <./figs/bpf_circuit.jpeg>]
<figs/bpf_cutoff.jpeg, id=89, 1604.99625pt x 902.37125pt>
File: figs/bpf_cutoff.jpeg Graphic file (type jpg)
<use figs/bpf_cutoff.jpeg>
Package pdftex.def Info: figs/bpf_cutoff.jpeg  used on input line 336.
(pdftex.def)             Requested size: 175.49881pt x 98.66907pt.
<figs/bpf_input_cutoff.jpeg, id=90, 1604.99625pt x 902.37125pt>
File: figs/bpf_input_cutoff.jpeg Graphic file (type jpg)
<use figs/bpf_input_cutoff.jpeg>
Package pdftex.def Info: figs/bpf_input_cutoff.jpeg  used on input line 340.
(pdftex.def)             Requested size: 175.49881pt x 98.66907pt.
<figs/bpf_between_3.jpeg, id=91, 1604.99625pt x 902.37125pt>
File: figs/bpf_between_3.jpeg Graphic file (type jpg)
<use figs/bpf_between_3.jpeg>
Package pdftex.def Info: figs/bpf_between_3.jpeg  used on input line 346.
(pdftex.def)             Requested size: 175.49881pt x 98.66907pt.
<figs/bpf_input_between_3.jpeg, id=92, 1604.99625pt x 902.37125pt>
File: figs/bpf_input_between_3.jpeg Graphic file (type jpg)
<use figs/bpf_input_between_3.jpeg>
Package pdftex.def Info: figs/bpf_input_between_3.jpeg  used on input line 350.

(pdftex.def)             Requested size: 175.49881pt x 98.66907pt.
<figs/bpf_between_2.jpeg, id=93, 1604.99625pt x 902.37125pt>
File: figs/bpf_between_2.jpeg Graphic file (type jpg)
<use figs/bpf_between_2.jpeg>
Package pdftex.def Info: figs/bpf_between_2.jpeg  used on input line 356.
(pdftex.def)             Requested size: 175.49881pt x 98.66907pt.
<figs/bpf_input_between_2.jpeg, id=94, 1604.99625pt x 902.37125pt>
File: figs/bpf_input_between_2.jpeg Graphic file (type jpg)
<use figs/bpf_input_between_2.jpeg>
Package pdftex.def Info: figs/bpf_input_between_2.jpeg  used on input line 360.

(pdftex.def)             Requested size: 175.49881pt x 98.66907pt.
<figs/bpf_between_1.jpeg, id=95, 1604.99625pt x 902.37125pt>
File: figs/bpf_between_1.jpeg Graphic file (type jpg)
<use figs/bpf_between_1.jpeg>
Package pdftex.def Info: figs/bpf_between_1.jpeg  used on input line 366.
(pdftex.def)             Requested size: 175.49881pt x 98.66907pt.
<figs/bpf_input_between_1.jpeg, id=96, 1604.99625pt x 902.37125pt>
File: figs/bpf_input_between_1.jpeg Graphic file (type jpg)
<use figs/bpf_input_between_1.jpeg>
Package pdftex.def Info: figs/bpf_input_between_1.jpeg  used on input line 370.

(pdftex.def)             Requested size: 175.49881pt x 98.66907pt.

[11 <./figs/bpf_between_5.jpeg> <./figs/bpf_input_between_5.jpeg> <./figs/bpf_b
etween_4.jpeg> <./figs/bpf_input_between_4.jpeg> <./figs/bpf_cutoff.jpeg> <./fi
gs/bpf_input_cutoff.jpeg> <./figs/bpf_between_3.jpeg> <./figs/bpf_input_between
_3.jpeg>]
<figs/bpf_between_6.jpeg, id=100, 1604.99625pt x 902.37125pt>
File: figs/bpf_between_6.jpeg Graphic file (type jpg)
<use figs/bpf_between_6.jpeg>
Package pdftex.def Info: figs/bpf_between_6.jpeg  used on input line 376.
(pdftex.def)             Requested size: 175.49881pt x 98.66907pt.
<figs/bpf_input_between_6.jpeg, id=101, 1604.99625pt x 902.37125pt>
File: figs/bpf_input_between_6.jpeg Graphic file (type jpg)
<use figs/bpf_input_between_6.jpeg>
Package pdftex.def Info: figs/bpf_input_between_6.jpeg  used on input line 380.

(pdftex.def)             Requested size: 175.49881pt x 98.66907pt.
<figs/bpf_hpf_cutoff.jpeg, id=102, 1604.99625pt x 902.37125pt>
File: figs/bpf_hpf_cutoff.jpeg Graphic file (type jpg)
<use figs/bpf_hpf_cutoff.jpeg>
Package pdftex.def Info: figs/bpf_hpf_cutoff.jpeg  used on input line 386.
(pdftex.def)             Requested size: 175.49881pt x 98.66907pt.
<figs/bpf_input_hpf_cutoff.jpeg, id=103, 1604.99625pt x 902.37125pt>
File: figs/bpf_input_hpf_cutoff.jpeg Graphic file (type jpg)
<use figs/bpf_input_hpf_cutoff.jpeg>
Package pdftex.def Info: figs/bpf_input_hpf_cutoff.jpeg  used on input line 390
.
(pdftex.def)             Requested size: 175.49881pt x 98.66907pt.
<figs/bpf_more_2.jpeg, id=104, 1604.99625pt x 902.37125pt>
File: figs/bpf_more_2.jpeg Graphic file (type jpg)
<use figs/bpf_more_2.jpeg>
Package pdftex.def Info: figs/bpf_more_2.jpeg  used on input line 396.
(pdftex.def)             Requested size: 175.49881pt x 98.66907pt.
<figs/bpf_input_more_2.jpeg, id=105, 1604.99625pt x 902.37125pt>
File: figs/bpf_input_more_2.jpeg Graphic file (type jpg)
<use figs/bpf_input_more_2.jpeg>
Package pdftex.def Info: figs/bpf_input_more_2.jpeg  used on input line 400.
(pdftex.def)             Requested size: 175.49881pt x 98.66907pt.
<figs/bpf_more_1.jpeg, id=106, 1604.99625pt x 902.37125pt>
File: figs/bpf_more_1.jpeg Graphic file (type jpg)
<use figs/bpf_more_1.jpeg>
Package pdftex.def Info: figs/bpf_more_1.jpeg  used on input line 406.
(pdftex.def)             Requested size: 175.49881pt x 98.66907pt.
<figs/bpf_input_more_1.jpeg, id=107, 1604.99625pt x 902.37125pt>
File: figs/bpf_input_more_1.jpeg Graphic file (type jpg)
<use figs/bpf_input_more_1.jpeg>
Package pdftex.def Info: figs/bpf_input_more_1.jpeg  used on input line 410.
(pdftex.def)             Requested size: 175.49881pt x 98.66907pt.
 [12 <./figs/bpf_between_2.jpeg> <./figs/bpf_input_between_2.jpeg> <./figs/bpf_
between_1.jpeg> <./figs/bpf_input_between_1.jpeg> <./figs/bpf_between_6.jpeg> <
./figs/bpf_input_between_6.jpeg> <./figs/bpf_hpf_cutoff.jpeg> <./figs/bpf_input
_hpf_cutoff.jpeg>]
<figs/band.png, id=111, 578.16pt x 334.6101pt>
File: figs/band.png Graphic file (type png)
<use figs/band.png>
Package pdftex.def Info: figs/band.png  used on input line 414.
(pdftex.def)             Requested size: 390.0pt x 225.7091pt.
 [13 <./figs/bpf_more_2.jpeg> <./figs/bpf_input_more_2.jpeg> <./figs/bpf_more_1
.jpeg> <./figs/bpf_input_more_1.jpeg> <./figs/band.png>] [14] (./report.aux)

LaTeX Warning: Label(s) may have changed. Rerun to get cross-references right.

 ) 
Here is how much of TeX's memory you used:
 8518 strings out of 478287
 191753 string characters out of 5849290
 438577 words of memory out of 5000000
 26595 multiletter control sequences out of 15000+600000
 478666 words of font info for 64 fonts, out of 8000000 for 9000
 1141 hyphenation exceptions out of 8191
 71i,8n,79p,242b,513s stack positions out of 5000i,500n,10000p,200000b,80000s
{/usr/share/texmf/fonts/enc/dvips/cm-super/cm-super-ts1.enc}</usr/share/texli
ve/texmf-dist/fonts/type1/public/amsfonts/cm/cmbx12.pfb></usr/share/texlive/tex
mf-dist/fonts/type1/public/amsfonts/cm/cmmi12.pfb></usr/share/texlive/texmf-dis
t/fonts/type1/public/amsfonts/cm/cmmi6.pfb></usr/share/texlive/texmf-dist/fonts
/type1/public/amsfonts/cm/cmmi8.pfb></usr/share/texlive/texmf-dist/fonts/type1/
public/amsfonts/cm/cmr10.pfb></usr/share/texlive/texmf-dist/fonts/type1/public/
amsfonts/cm/cmr12.pfb></usr/share/texlive/texmf-dist/fonts/type1/public/amsfont
s/cm/cmr8.pfb></usr/share/texlive/texmf-dist/fonts/type1/public/amsfonts/cm/cms
y10.pfb></usr/share/texmf/fonts/type1/public/cm-super/sfrm1200.pfb>
Output written on report.pdf (14 pages, 8179516 bytes).
PDF statistics:
 160 PDF objects out of 1000 (max. 8388607)
 62 compressed objects within 1 object stream
 0 named destinations out of 1000 (max. 500000)
 291 words of extra memory for PDF output out of 10000 (max. 10000000)

