This is pdfTeX, Version 3.141592653-2.6-1.40.22 (TeX Live 2022/dev/Debian) (preloaded format=pdflatex 2024.8.5)  5 MAR 2025 21:38
entering extended mode
 restricted \write18 enabled.
 %&-line parsing enabled.
**report.tex
(./report.tex
LaTeX2e <2021-11-15> patch level 1
L3 programming layer <2022-01-21>
(/usr/share/texlive/texmf-dist/tex/latex/base/article.cls
Document Class: article 2021/10/04 v1.4n Standard LaTeX document class
(/usr/share/texlive/texmf-dist/tex/latex/base/size12.clo
File: size12.clo 2021/10/04 v1.4n Standard LaTeX file (size option)
)
\c@part=\count185
\c@section=\count186
\c@subsection=\count187
\c@subsubsection=\count188
\c@paragraph=\count189
\c@subparagraph=\count190
\c@figure=\count191
\c@table=\count192
\abovecaptionskip=\skip47
\belowcaptionskip=\skip48
\bibindent=\dimen138
)
(/usr/share/texlive/texmf-dist/tex/latex/amsmath/amsmath.sty
Package: amsmath 2021/10/15 v2.17l AMS math features
\@mathmargin=\skip49

For additional information on amsmath, use the `?' option.
(/usr/share/texlive/texmf-dist/tex/latex/amsmath/amstext.sty
Package: amstext 2021/08/26 v2.01 AMS text

(/usr/share/texlive/texmf-dist/tex/latex/amsmath/amsgen.sty
File: amsgen.sty 1999/11/30 v2.0 generic functions
\@emptytoks=\toks16
\ex@=\dimen139
))
(/usr/share/texlive/texmf-dist/tex/latex/amsmath/amsbsy.sty
Package: amsbsy 1999/11/29 v1.2d Bold Symbols
\pmbraise@=\dimen140
)
(/usr/share/texlive/texmf-dist/tex/latex/amsmath/amsopn.sty
Package: amsopn 2021/08/26 v2.02 operator names
)
\inf@bad=\count193
LaTeX Info: Redefining \frac on input line 234.
\uproot@=\count194
\leftroot@=\count195
LaTeX Info: Redefining \overline on input line 399.
\classnum@=\count196
\DOTSCASE@=\count197
LaTeX Info: Redefining \ldots on input line 496.
LaTeX Info: Redefining \dots on input line 499.
LaTeX Info: Redefining \cdots on input line 620.
\Mathstrutbox@=\box50
\strutbox@=\box51
\big@size=\dimen141
LaTeX Font Info:    Redeclaring font encoding OML on input line 743.
LaTeX Font Info:    Redeclaring font encoding OMS on input line 744.
\macc@depth=\count198
\c@MaxMatrixCols=\count199
\dotsspace@=\muskip16
\c@parentequation=\count266
\dspbrk@lvl=\count267
\tag@help=\toks17
\row@=\count268
\column@=\count269
\maxfields@=\count270
\andhelp@=\toks18
\eqnshift@=\dimen142
\alignsep@=\dimen143
\tagshift@=\dimen144
\tagwidth@=\dimen145
\totwidth@=\dimen146
\lineht@=\dimen147
\@envbody=\toks19
\multlinegap=\skip50
\multlinetaggap=\skip51
\mathdisplay@stack=\toks20
LaTeX Info: Redefining \[ on input line 2938.
LaTeX Info: Redefining \] on input line 2939.
)
(/usr/share/texlive/texmf-dist/tex/latex/graphics/graphicx.sty
Package: graphicx 2021/09/16 v1.2d Enhanced LaTeX Graphics (DPC,SPQR)

(/usr/share/texlive/texmf-dist/tex/latex/graphics/keyval.sty
Package: keyval 2014/10/28 v1.15 key=value parser (DPC)
\KV@toks@=\toks21
)
(/usr/share/texlive/texmf-dist/tex/latex/graphics/graphics.sty
Package: graphics 2021/03/04 v1.4d Standard LaTeX Graphics (DPC,SPQR)

(/usr/share/texlive/texmf-dist/tex/latex/graphics/trig.sty
Package: trig 2021/08/11 v1.11 sin cos tan (DPC)
)
(/usr/share/texlive/texmf-dist/tex/latex/graphics-cfg/graphics.cfg
File: graphics.cfg 2016/06/04 v1.11 sample graphics configuration
)
Package graphics Info: Driver file: pdftex.def on input line 107.

(/usr/share/texlive/texmf-dist/tex/latex/graphics-def/pdftex.def
File: pdftex.def 2020/10/05 v1.2a Graphics/color driver for pdftex
))
\Gin@req@height=\dimen148
\Gin@req@width=\dimen149
)
(/usr/share/texlive/texmf-dist/tex/latex/booktabs/booktabs.sty
Package: booktabs 2020/01/12 v1.61803398 Publication quality tables
\heavyrulewidth=\dimen150
\lightrulewidth=\dimen151
\cmidrulewidth=\dimen152
\belowrulesep=\dimen153
\belowbottomsep=\dimen154
\aboverulesep=\dimen155
\abovetopsep=\dimen156
\cmidrulesep=\dimen157
\cmidrulekern=\dimen158
\defaultaddspace=\dimen159
\@cmidla=\count271
\@cmidlb=\count272
\@aboverulesep=\dimen160
\@belowrulesep=\dimen161
\@thisruleclass=\count273
\@lastruleclass=\count274
\@thisrulewidth=\dimen162
)
(/usr/share/texlive/texmf-dist/tex/latex/geometry/geometry.sty
Package: geometry 2020/01/02 v5.9 Page Geometry

(/usr/share/texlive/texmf-dist/tex/generic/iftex/ifvtex.sty
Package: ifvtex 2019/10/25 v1.7 ifvtex legacy package. Use iftex instead.

(/usr/share/texlive/texmf-dist/tex/generic/iftex/iftex.sty
Package: iftex 2020/03/06 v1.0d TeX engine tests
))
\Gm@cnth=\count275
\Gm@cntv=\count276
\c@Gm@tempcnt=\count277
\Gm@bindingoffset=\dimen163
\Gm@wd@mp=\dimen164
\Gm@odd@mp=\dimen165
\Gm@even@mp=\dimen166
\Gm@layoutwidth=\dimen167
\Gm@layoutheight=\dimen168
\Gm@layouthoffset=\dimen169
\Gm@layoutvoffset=\dimen170
\Gm@dimlist=\toks22
)
(/usr/share/texlive/texmf-dist/tex/latex/float/float.sty
Package: float 2001/11/08 v1.3d Float enhancements (AL)
\c@float@type=\count278
\float@exts=\toks23
\float@box=\box52
\@float@everytoks=\toks24
\@floatcapt=\box53
)
(/usr/share/texlive/texmf-dist/tex/latex/l3backend/l3backend-pdftex.def
File: l3backend-pdftex.def 2022-01-12 L3 backend support: PDF output (pdfTeX)
\l__color_backend_stack_int=\count279
\l__pdf_internal_box=\box54
)
(./report.aux)
\openout1 = `report.aux'.

LaTeX Font Info:    Checking defaults for OML/cmm/m/it on input line 13.
LaTeX Font Info:    ... okay on input line 13.
LaTeX Font Info:    Checking defaults for OMS/cmsy/m/n on input line 13.
LaTeX Font Info:    ... okay on input line 13.
LaTeX Font Info:    Checking defaults for OT1/cmr/m/n on input line 13.
LaTeX Font Info:    ... okay on input line 13.
LaTeX Font Info:    Checking defaults for T1/cmr/m/n on input line 13.
LaTeX Font Info:    ... okay on input line 13.
LaTeX Font Info:    Checking defaults for TS1/cmr/m/n on input line 13.
LaTeX Font Info:    ... okay on input line 13.
LaTeX Font Info:    Checking defaults for OMX/cmex/m/n on input line 13.
LaTeX Font Info:    ... okay on input line 13.
LaTeX Font Info:    Checking defaults for U/cmr/m/n on input line 13.
LaTeX Font Info:    ... okay on input line 13.

(/usr/share/texlive/texmf-dist/tex/context/base/mkii/supp-pdf.mkii
[Loading MPS to PDF converter (version 2006.09.02).]
\scratchcounter=\count280
\scratchdimen=\dimen171
\scratchbox=\box55
\nofMPsegments=\count281
\nofMParguments=\count282
\everyMPshowfont=\toks25
\MPscratchCnt=\count283
\MPscratchDim=\dimen172
\MPnumerator=\count284
\makeMPintoPDFobject=\count285
\everyMPtoPDFconversion=\toks26
) (/usr/share/texlive/texmf-dist/tex/latex/epstopdf-pkg/epstopdf-base.sty
Package: epstopdf-base 2020-01-24 v2.11 Base part for package epstopdf
Package epstopdf-base Info: Redefining graphics rule for `.eps' on input line 4
85.

(/usr/share/texlive/texmf-dist/tex/latex/latexconfig/epstopdf-sys.cfg
File: epstopdf-sys.cfg 2010/07/13 v1.3 Configuration of (r)epstopdf for TeX Liv
e
))
*geometry* driver: auto-detecting
*geometry* detected driver: pdftex
*geometry* verbose mode - [ preamble ] result:
* driver: pdftex
* paper: a4paper
* layout: <same size as paper>
* layoutoffset:(h,v)=(0.0pt,0.0pt)
* modes: 
* h-part:(L,W,R)=(72.26999pt, 452.9679pt, 72.26999pt)
* v-part:(T,H,B)=(72.26999pt, 700.50687pt, 72.26999pt)
* \paperwidth=597.50787pt
* \paperheight=845.04684pt
* \textwidth=452.9679pt
* \textheight=700.50687pt
* \oddsidemargin=0.0pt
* \evensidemargin=0.0pt
* \topmargin=-37.0pt
* \headheight=12.0pt
* \headsep=25.0pt
* \topskip=12.0pt
* \footskip=30.0pt
* \marginparwidth=35.0pt
* \marginparsep=10.0pt
* \columnsep=10.0pt
* \skip\footins=10.8pt plus 4.0pt minus 2.0pt
* \hoffset=0.0pt
* \voffset=0.0pt
* \mag=1000
* \@twocolumnfalse
* \@twosidefalse
* \@mparswitchfalse
* \@reversemarginfalse
* (1in=72.27pt=25.4mm, 1cm=28.453pt)

[1

{/var/lib/texmf/fonts/map/pdftex/updmap/pdftex.map}]
Overfull \hbox (9.02634pt too wide) in paragraph at lines 92--105
 [][] 
 []

[2]
<figs/addercircuit.png, id=17, 966.61125pt x 1284.8pt>
File: figs/addercircuit.png Graphic file (type png)
<use figs/addercircuit.png>
Package pdftex.def Info: figs/addercircuit.png  used on input line 119.
(pdftex.def)             Requested size: 181.18439pt x 240.82098pt.
<figs/adder_ideal.png, id=18, 1084.05pt x 356.33125pt>
File: figs/adder_ideal.png Graphic file (type png)
<use figs/adder_ideal.png>
Package pdftex.def Info: figs/adder_ideal.png  used on input line 124.
(pdftex.def)             Requested size: 226.48395pt x 74.44572pt.
<figs/adderv1v2.png, id=19, 1284.8pt x 966.61125pt>
File: figs/adderv1v2.png Graphic file (type png)
<use figs/adderv1v2.png>
Package pdftex.def Info: figs/adderv1v2.png  used on input line 129.
(pdftex.def)             Requested size: 226.48395pt x 170.3837pt.
 [3 <./figs/addercircuit.png>]
<figs/adderv1.png, id=23, 1284.8pt x 966.61125pt>
File: figs/adderv1.png Graphic file (type png)
<use figs/adderv1.png>
Package pdftex.def Info: figs/adderv1.png  used on input line 134.
(pdftex.def)             Requested size: 226.48395pt x 170.3837pt.
<figs/adderv3.png, id=24, 1284.8pt x 966.61125pt>
File: figs/adderv3.png Graphic file (type png)
<use figs/adderv3.png>
Package pdftex.def Info: figs/adderv3.png  used on input line 139.
(pdftex.def)             Requested size: 226.48395pt x 170.3837pt.
 [4 <./figs/adder_ideal.png> <./figs/adderv1v2.png> <./figs/adderv1.png>]
<figs/addervalue2.png, id=28, 1284.8pt x 966.61125pt>
File: figs/addervalue2.png Graphic file (type png)
<use figs/addervalue2.png>
Package pdftex.def Info: figs/addervalue2.png  used on input line 145.
(pdftex.def)             Requested size: 226.48395pt x 170.3837pt.
<figs/addervalue1.png, id=29, 1284.8pt x 574.145pt>
File: figs/addervalue1.png Graphic file (type png)
<use figs/addervalue1.png>
Package pdftex.def Info: figs/addervalue1.png  used on input line 150.
(pdftex.def)             Requested size: 226.48395pt x 101.20401pt.
<figs/integratorcircuit.png, id=30, 316.18124pt x 160.6pt>
File: figs/integratorcircuit.png Graphic file (type png)
<use figs/integratorcircuit.png>
Package pdftex.def Info: figs/integratorcircuit.png  used on input line 161.
(pdftex.def)             Requested size: 271.7835pt x 138.05693pt.
 [5 <./figs/adderv3.png> <./figs/addervalue2.png> <./figs/addervalue1.png>]
<figs/integrator_ideal.png, id=34, 416.55624pt x 121.45375pt>
File: figs/integrator_ideal.png Graphic file (type png)
<use figs/integrator_ideal.png>
Package pdftex.def Info: figs/integrator_ideal.png  used on input line 166.
(pdftex.def)             Requested size: 317.07614pt x 92.4522pt.
<figs/integrator2.png, id=35, 1345.025pt x 1535.7375pt>
File: figs/integrator2.png Graphic file (type png)
<use figs/integrator2.png>
Package pdftex.def Info: figs/integrator2.png  used on input line 171.
(pdftex.def)             Requested size: 226.48395pt x 258.58798pt.
<figs/integrator1.png, id=36, 1606.0pt x 1204.5pt>
File: figs/integrator1.png Graphic file (type png)
<use figs/integrator1.png>
Package pdftex.def Info: figs/integrator1.png  used on input line 176.
(pdftex.def)             Requested size: 226.48395pt x 169.86024pt.
 [6 <./figs/integratorcircuit.png> <./figs/integrator_ideal.png> <./figs/integr
ator2.png>]
<figs/fullwave_ideal.png, id=42, 393.72093pt x 165.61874pt>
File: figs/fullwave_ideal.png Graphic file (type png)
<use figs/fullwave_ideal.png>
Package pdftex.def Info: figs/fullwave_ideal.png  used on input line 230.
(pdftex.def)             Requested size: 226.48395pt x 95.27046pt.
<figs/fullwave2.png, id=43, 1606.0pt x 1208.515pt>
File: figs/fullwave2.png Graphic file (type png)
<use figs/fullwave2.png>
Package pdftex.def Info: figs/fullwave2.png  used on input line 235.
(pdftex.def)             Requested size: 226.48395pt x 170.42645pt.
 [7 <./figs/integrator1.png>]
<figs/fullwave3.png, id=49, 1606.0pt x 1208.515pt>
File: figs/fullwave3.png Graphic file (type png)
<use figs/fullwave3.png>
Package pdftex.def Info: figs/fullwave3.png  used on input line 240.
(pdftex.def)             Requested size: 226.48395pt x 170.42645pt.
<figs/fullwave1.png, id=50, 1606.0pt x 1208.515pt>
File: figs/fullwave1.png Graphic file (type png)
<use figs/fullwave1.png>
Package pdftex.def Info: figs/fullwave1.png  used on input line 245.
(pdftex.def)             Requested size: 226.48395pt x 170.42645pt.
<figs/halfwavecircuit.png, id=51, 1606.0pt x 1204.5pt>
File: figs/halfwavecircuit.png Graphic file (type png)
<use figs/halfwavecircuit.png>
Package pdftex.def Info: figs/halfwavecircuit.png  used on input line 250.
(pdftex.def)             Requested size: 226.48395pt x 169.86024pt.
 [8 <./figs/fullwave_ideal.png> <./figs/fullwave2.png> <./figs/fullwave3.png>]
<figs/halfwave_ideal.png, id=55, 451.6875pt x 254.45062pt>
File: figs/halfwave_ideal.png Graphic file (type png)
<use figs/halfwave_ideal.png>
Package pdftex.def Info: figs/halfwave_ideal.png  used on input line 255.
(pdftex.def)             Requested size: 226.48395pt x 127.58995pt.
File: figs/integrator2.png Graphic file (type png)
<use figs/integrator2.png>
Package pdftex.def Info: figs/integrator2.png  used on input line 260.
(pdftex.def)             Requested size: 181.18439pt x 206.87038pt.
<figs/halfwavevalue.png, id=56, 1606.0pt x 1204.5pt>
File: figs/halfwavevalue.png Graphic file (type png)
<use figs/halfwavevalue.png>
Package pdftex.def Info: figs/halfwavevalue.png  used on input line 265.
(pdftex.def)             Requested size: 226.48395pt x 169.86024pt.
 [9 <./figs/fullwave1.png> <./figs/halfwavecircuit.png> <./figs/halfwave_ideal.
png>]
<figs/diode.png, id=60, 1027.84pt x 750.805pt>
File: figs/diode.png Graphic file (type png)
<use figs/diode.png>
Package pdftex.def Info: figs/diode.png  used on input line 270.
(pdftex.def)             Requested size: 317.07614pt x 231.61296pt.
<figs/halfwave_diode.png, id=61, 1606.0pt x 1204.5pt>
File: figs/halfwave_diode.png Graphic file (type png)
<use figs/halfwave_diode.png>
Package pdftex.def Info: figs/halfwave_diode.png  used on input line 275.
(pdftex.def)             Requested size: 226.48395pt x 169.86024pt.
 [10 <./figs/halfwavevalue.png>] [11 <./figs/diode.png (PNG copy)> <./figs/half
wave_diode.png>] (./report.aux) ) 
Here is how much of TeX's memory you used:
 2825 strings out of 478287
 44676 string characters out of 5849290
 347907 words of memory out of 5000000
 21001 multiletter control sequences out of 15000+600000
 476196 words of font info for 52 fonts, out of 8000000 for 9000
 1141 hyphenation exceptions out of 8191
 55i,10n,62p,353b,256s stack positions out of 5000i,500n,10000p,200000b,80000s
{/usr/share/texmf/fonts/enc/dvips/cm-super/cm-
super-ts1.enc}</usr/share/texlive/texmf-dist/fonts/type1/public/amsfonts/cm/cmb
x12.pfb></usr/share/texlive/texmf-dist/fonts/type1/public/amsfonts/cm/cmex10.pf
b></usr/share/texlive/texmf-dist/fonts/type1/public/amsfonts/cm/cmmi12.pfb></us
r/share/texlive/texmf-dist/fonts/type1/public/amsfonts/cm/cmmi8.pfb></usr/share
/texlive/texmf-dist/fonts/type1/public/amsfonts/cm/cmr12.pfb></usr/share/texliv
e/texmf-dist/fonts/type1/public/amsfonts/cm/cmr8.pfb></usr/share/texlive/texmf-
dist/fonts/type1/public/amsfonts/cm/cmsy10.pfb></usr/share/texlive/texmf-dist/f
onts/type1/public/amsfonts/cm/cmsy8.pfb></usr/share/texmf/fonts/type1/public/cm
-super/sfrm1200.pfb>
Output written on report.pdf (11 pages, 2184271 bytes).
PDF statistics:
 108 PDF objects out of 1000 (max. 8388607)
 54 compressed objects within 1 object stream
 0 named destinations out of 1000 (max. 500000)
 101 words of extra memory for PDF output out of 10000 (max. 10000000)

